# JRE version: OpenJDK Runtime Environment (17.0.7) (build 17.0.7+0-b2043.56-10550314)
# Java VM: OpenJDK 64-Bit Server VM (17.0.7+0-b2043.56-10550314, mixed mode, tiered, compressed oops, compressed class ptrs, g1 gc, windows-amd64)
GC Precious Log:
 CPUs: 8 total, 8 available
 Memory: 8150M
 Large Page Support: Disabled
 NUMA Support: Disabled
 Compressed Oops: Enabled (32-bit)
 Heap Region Size: 1M
 Heap Min Capacity: 8M
 Heap Initial Capacity: 128M
 Heap Max Capacity: 1536M
 Pre-touch: Disabled
 Parallel Workers: 8
 Concurrent Workers: 2
 Concurrent Refinement Workers: 8
 Periodic GC: Disabled
Heap:
 garbage-first heap   total 99328K, used 61200K [0x00000000a0000000, 0x0000000100000000)
  region size 1024K, 3 young (3072K), 2 survivors (2048K)
 Metaspace       used 44281K, committed 44672K, reserved 1114112K
  class space    used 5833K, committed 6016K, reserved 1048576K
GC Heap History (20 events):
Event: 24.115 GC heap before
{Heap before GC invocations=5 (full 0):
 garbage-first heap   total 68608K, used 46732K [0x00000000a0000000, 0x0000000100000000)
  region size 1024K, 29 young (29696K), 3 survivors (3072K)
 Metaspace       used 29763K, committed 30080K, reserved 1114112K
  class space    used 4027K, committed 4160K, reserved 1048576K
}
Event: 24.118 GC heap after
{Heap after GC invocations=6 (full 0):
 garbage-first heap   total 68608K, used 22629K [0x00000000a0000000, 0x0000000100000000)
  region size 1024K, 4 young (4096K), 4 survivors (4096K)
 Metaspace       used 29763K, committed 30080K, reserved 1114112K
  class space    used 4027K, committed 4160K, reserved 1048576K
}
Event: 32.158 GC heap before
{Heap before GC invocations=6 (full 0):
 garbage-first heap   total 68608K, used 32869K [0x00000000a0000000, 0x0000000100000000)
  region size 1024K, 9 young (9216K), 4 survivors (4096K)
 Metaspace       used 30089K, committed 30400K, reserved 1114112K
  class space    used 4084K, committed 4224K, reserved 1048576K
}
Event: 32.161 GC heap after
{Heap after GC invocations=7 (full 0):
 garbage-first heap   total 68608K, used 31918K [0x00000000a0000000, 0x0000000100000000)
  region size 1024K, 4 young (4096K), 4 survivors (4096K)
 Metaspace       used 30089K, committed 30400K, reserved 1114112K
  class space    used 4084K, committed 4224K, reserved 1048576K
}
Event: 32.185 GC heap before
{Heap before GC invocations=7 (full 0):
 garbage-first heap   total 68608K, used 44206K [0x00000000a0000000, 0x0000000100000000)
  region size 1024K, 5 young (5120K), 4 survivors (4096K)
 Metaspace       used 30089K, committed 30400K, reserved 1114112K
  class space    used 4084K, committed 4224K, reserved 1048576K
}
Event: 32.187 GC heap after
{Heap after GC invocations=8 (full 0):
 garbage-first heap   total 68608K, used 44299K [0x00000000a0000000, 0x0000000100000000)
  region size 1024K, 1 young (1024K), 1 survivors (1024K)
 Metaspace       used 30089K, committed 30400K, reserved 1114112K
  class space    used 4084K, committed 4224K, reserved 1048576K
}
Event: 33.718 GC heap before
{Heap before GC invocations=9 (full 0):
 garbage-first heap   total 81920K, used 54539K [0x00000000a0000000, 0x0000000100000000)
  region size 1024K, 10 young (10240K), 1 survivors (1024K)
 Metaspace       used 31054K, committed 31424K, reserved 1114112K
  class space    used 4235K, committed 4416K, reserved 1048576K
}
Event: 33.719 GC heap after
{Heap after GC invocations=10 (full 0):
 garbage-first heap   total 81920K, used 48417K [0x00000000a0000000, 0x0000000100000000)
  region size 1024K, 2 young (2048K), 2 survivors (2048K)
 Metaspace       used 31054K, committed 31424K, reserved 1114112K
  class space    used 4235K, committed 4416K, reserved 1048576K
}
Event: 34.483 GC heap before
{Heap before GC invocations=10 (full 0):
 garbage-first heap   total 81920K, used 63777K [0x00000000a0000000, 0x0000000100000000)
  region size 1024K, 17 young (17408K), 2 survivors (2048K)
 Metaspace       used 32890K, committed 33280K, reserved 1114112K
  class space    used 4529K, committed 4672K, reserved 1048576K
}
Event: 34.485 GC heap after
{Heap after GC invocations=11 (full 0):
 garbage-first heap   total 81920K, used 49268K [0x00000000a0000000, 0x0000000100000000)
  region size 1024K, 1 young (1024K), 1 survivors (1024K)
 Metaspace       used 32890K, committed 33280K, reserved 1114112K
  class space    used 4529K, committed 4672K, reserved 1048576K
}
Event: 35.036 GC heap before
{Heap before GC invocations=12 (full 0):
 garbage-first heap   total 87040K, used 62580K [0x00000000a0000000, 0x0000000100000000)
  region size 1024K, 15 young (15360K), 1 survivors (1024K)
 Metaspace       used 34662K, committed 35072K, reserved 1114112K
  class space    used 4811K, committed 4992K, reserved 1048576K
}
Event: 35.037 GC heap after
{Heap after GC invocations=13 (full 0):
 garbage-first heap   total 87040K, used 49799K [0x00000000a0000000, 0x0000000100000000)
  region size 1024K, 2 young (2048K), 2 survivors (2048K)
 Metaspace       used 34662K, committed 35072K, reserved 1114112K
  class space    used 4811K, committed 4992K, reserved 1048576K
}
Event: 36.947 GC heap before
{Heap before GC invocations=13 (full 0):
 garbage-first heap   total 87040K, used 66183K [0x00000000a0000000, 0x0000000100000000)
  region size 1024K, 19 young (19456K), 2 survivors (2048K)
 Metaspace       used 37907K, committed 38336K, reserved 1114112K
  class space    used 5264K, committed 5440K, reserved 1048576K
}
Event: 36.949 GC heap after
{Heap after GC invocations=14 (full 0):
 garbage-first heap   total 87040K, used 50843K [0x00000000a0000000, 0x0000000100000000)
  region size 1024K, 3 young (3072K), 3 survivors (3072K)
 Metaspace       used 37907K, committed 38336K, reserved 1114112K
  class space    used 5264K, committed 5440K, reserved 1048576K
}
Event: 37.303 GC heap before
{Heap before GC invocations=15 (full 0):
 garbage-first heap   total 91136K, used 67227K [0x00000000a0000000, 0x0000000100000000)
  region size 1024K, 20 young (20480K), 3 survivors (3072K)
 Metaspace       used 42221K, committed 42560K, reserved 1114112K
  class space    used 5722K, committed 5888K, reserved 1048576K
}
Event: 37.306 GC heap after
{Heap after GC invocations=16 (full 0):
 garbage-first heap   total 91136K, used 52907K [0x00000000a0000000, 0x0000000100000000)
  region size 1024K, 3 young (3072K), 3 survivors (3072K)
 Metaspace       used 42221K, committed 42560K, reserved 1114112K
  class space    used 5722K, committed 5888K, reserved 1048576K
}
Event: 37.504 GC heap before
{Heap before GC invocations=16 (full 0):
 garbage-first heap   total 91136K, used 71339K [0x00000000a0000000, 0x0000000100000000)
  region size 1024K, 22 young (22528K), 3 survivors (3072K)
 Metaspace       used 43199K, committed 43648K, reserved 1114112K
  class space    used 5787K, committed 6016K, reserved 1048576K
}
Event: 37.508 GC heap after
{Heap after GC invocations=17 (full 0):
 garbage-first heap   total 91136K, used 55556K [0x00000000a0000000, 0x0000000100000000)
  region size 1024K, 3 young (3072K), 3 survivors (3072K)
 Metaspace       used 43199K, committed 43648K, reserved 1114112K
  class space    used 5787K, committed 6016K, reserved 1048576K
}
Event: 37.635 GC heap before
{Heap before GC invocations=18 (full 0):
 garbage-first heap   total 99328K, used 62724K [0x00000000a0000000, 0x0000000100000000)
  region size 1024K, 12 young (12288K), 3 survivors (3072K)
 Metaspace       used 43650K, committed 44032K, reserved 1114112K
  class space    used 5833K, committed 6016K, reserved 1048576K
}
Event: 37.637 GC heap after
{Heap after GC invocations=19 (full 0):
 garbage-first heap   total 99328K, used 56080K [0x00000000a0000000, 0x0000000100000000)
  region size 1024K, 2 young (2048K), 2 survivors (2048K)
 Metaspace       used 43650K, committed 44032K, reserved 1114112K
  class space    used 5833K, committed 6016K, reserved 1048576K
}

